{"/Users/mugi/Documents/workspace/_spikes/nestjs-example/src/app.controller.ts": {"path":"/Users/mugi/Documents/workspace/_spikes/nestjs-example/src/app.controller.ts","statementMap":{"0":{"start":{"line":1,"column":17},"end":{"line":6,"column":1}},"1":{"start":{"line":2,"column":12},"end":{"line":2,"column":28}},"2":{"start":{"line":2,"column":34},"end":{"line":2,"column":125}},"3":{"start":{"line":3,"column":4},"end":{"line":4,"column":150}},"4":{"start":{"line":3,"column":79},"end":{"line":3,"column":131}},"5":{"start":{"line":4,"column":9},"end":{"line":4,"column":150}},"6":{"start":{"line":4,"column":58},"end":{"line":4,"column":150}},"7":{"start":{"line":4,"column":81},"end":{"line":4,"column":150}},"8":{"start":{"line":5,"column":4},"end":{"line":5,"column":66}},"9":{"start":{"line":7,"column":17},"end":{"line":9,"column":1}},"10":{"start":{"line":8,"column":4},"end":{"line":8,"column":109}},"11":{"start":{"line":8,"column":79},"end":{"line":8,"column":109}},"12":{"start":{"line":12,"column":20},"end":{"line":20,"column":1}},"13":{"start":{"line":14,"column":8},"end":{"line":14,"column":31}},"14":{"start":{"line":15,"column":8},"end":{"line":15,"column":40}},"15":{"start":{"line":18,"column":8},"end":{"line":18,"column":62}},"16":{"start":{"line":21,"column":0},"end":{"line":26,"column":42}},"17":{"start":{"line":27,"column":0},"end":{"line":30,"column":18}}},"fnMap":{"0":{"name":"(anonymous_0)","decl":{"start":{"line":1,"column":46},"end":{"line":1,"column":47}},"loc":{"start":{"line":1,"column":87},"end":{"line":6,"column":1}},"line":1},"1":{"name":"(anonymous_1)","decl":{"start":{"line":7,"column":46},"end":{"line":7,"column":47}},"loc":{"start":{"line":7,"column":62},"end":{"line":9,"column":1}},"line":7},"2":{"name":"(anonymous_2)","decl":{"start":{"line":13,"column":4},"end":{"line":13,"column":5}},"loc":{"start":{"line":13,"column":25},"end":{"line":16,"column":5}},"line":13},"3":{"name":"(anonymous_3)","decl":{"start":{"line":17,"column":4},"end":{"line":17,"column":5}},"loc":{"start":{"line":17,"column":11},"end":{"line":19,"column":5}},"line":17}},"branchMap":{"0":{"loc":{"start":{"line":1,"column":17},"end":{"line":6,"column":1}},"type":"binary-expr","locations":[{"start":{"line":1,"column":18},"end":{"line":1,"column":22}},{"start":{"line":1,"column":26},"end":{"line":1,"column":41}},{"start":{"line":1,"column":46},"end":{"line":6,"column":1}}],"line":1},"1":{"loc":{"start":{"line":2,"column":34},"end":{"line":2,"column":125}},"type":"cond-expr","locations":[{"start":{"line":2,"column":42},"end":{"line":2,"column":48}},{"start":{"line":2,"column":51},"end":{"line":2,"column":125}}],"line":2},"2":{"loc":{"start":{"line":2,"column":51},"end":{"line":2,"column":125}},"type":"cond-expr","locations":[{"start":{"line":2,"column":67},"end":{"line":2,"column":118}},{"start":{"line":2,"column":121},"end":{"line":2,"column":125}}],"line":2},"3":{"loc":{"start":{"line":3,"column":4},"end":{"line":4,"column":150}},"type":"if","locations":[{"start":{"line":3,"column":4},"end":{"line":4,"column":150}},{"start":{"line":3,"column":4},"end":{"line":4,"column":150}}],"line":3},"4":{"loc":{"start":{"line":3,"column":8},"end":{"line":3,"column":77}},"type":"binary-expr","locations":[{"start":{"line":3,"column":8},"end":{"line":3,"column":35}},{"start":{"line":3,"column":39},"end":{"line":3,"column":77}}],"line":3},"5":{"loc":{"start":{"line":4,"column":58},"end":{"line":4,"column":150}},"type":"if","locations":[{"start":{"line":4,"column":58},"end":{"line":4,"column":150}},{"start":{"line":4,"column":58},"end":{"line":4,"column":150}}],"line":4},"6":{"loc":{"start":{"line":4,"column":85},"end":{"line":4,"column":149}},"type":"binary-expr","locations":[{"start":{"line":4,"column":86},"end":{"line":4,"column":143}},{"start":{"line":4,"column":148},"end":{"line":4,"column":149}}],"line":4},"7":{"loc":{"start":{"line":4,"column":86},"end":{"line":4,"column":143}},"type":"cond-expr","locations":[{"start":{"line":4,"column":94},"end":{"line":4,"column":98}},{"start":{"line":4,"column":101},"end":{"line":4,"column":143}}],"line":4},"8":{"loc":{"start":{"line":4,"column":101},"end":{"line":4,"column":143}},"type":"cond-expr","locations":[{"start":{"line":4,"column":109},"end":{"line":4,"column":126}},{"start":{"line":4,"column":129},"end":{"line":4,"column":143}}],"line":4},"9":{"loc":{"start":{"line":5,"column":11},"end":{"line":5,"column":62}},"type":"binary-expr","locations":[{"start":{"line":5,"column":11},"end":{"line":5,"column":16}},{"start":{"line":5,"column":20},"end":{"line":5,"column":21}},{"start":{"line":5,"column":25},"end":{"line":5,"column":62}}],"line":5},"10":{"loc":{"start":{"line":7,"column":17},"end":{"line":9,"column":1}},"type":"binary-expr","locations":[{"start":{"line":7,"column":18},"end":{"line":7,"column":22}},{"start":{"line":7,"column":26},"end":{"line":7,"column":41}},{"start":{"line":7,"column":46},"end":{"line":9,"column":1}}],"line":7},"11":{"loc":{"start":{"line":8,"column":4},"end":{"line":8,"column":109}},"type":"if","locations":[{"start":{"line":8,"column":4},"end":{"line":8,"column":109}},{"start":{"line":8,"column":4},"end":{"line":8,"column":109}}],"line":8},"12":{"loc":{"start":{"line":8,"column":8},"end":{"line":8,"column":77}},"type":"binary-expr","locations":[{"start":{"line":8,"column":8},"end":{"line":8,"column":35}},{"start":{"line":8,"column":39},"end":{"line":8,"column":77}}],"line":8},"13":{"loc":{"start":{"line":29,"column":37},"end":{"line":29,"column":121}},"type":"binary-expr","locations":[{"start":{"line":29,"column":37},"end":{"line":29,"column":105}},{"start":{"line":29,"column":109},"end":{"line":29,"column":111}},{"start":{"line":29,"column":115},"end":{"line":29,"column":121}}],"line":29},"14":{"loc":{"start":{"line":29,"column":50},"end":{"line":29,"column":89}},"type":"binary-expr","locations":[{"start":{"line":29,"column":50},"end":{"line":29,"column":79}},{"start":{"line":29,"column":83},"end":{"line":29,"column":89}}],"line":29}},"s":{"0":1,"1":2,"2":2,"3":2,"4":2,"5":0,"6":0,"7":0,"8":2,"9":1,"10":4,"11":4,"12":1,"13":1,"14":1,"15":1,"16":1,"17":1},"f":{"0":2,"1":4,"2":1,"3":1},"b":{"0":[1,0,1],"1":[1,1],"2":[1,0],"3":[2,0],"4":[2,2],"5":[0,0],"6":[0,0],"7":[0,0],"8":[0,0],"9":[2,1,1],"10":[1,0,1],"11":[4,0],"12":[4,4],"13":[1,1,0],"14":[1,1]},"inputSourceMap":{"version":3,"file":"app.controller.js","sourceRoot":"","sources":["app.controller.ts"],"names":[],"mappings":";;;;;;;;;AAAA,OAAO,EAAE,GAAG,EAAE,UAAU,EAAmB,MAAM,gBAAgB,CAAC;AAClE,OAAO,EAAE,MAAM,EAAE,MAAM,yBAAyB,CAAC;AAGjD,IAAa,aAAa,GAA1B;IAEE,YAAoB,OAAe;QAAf,YAAO,GAAP,OAAO,CAAQ;QACjC,IAAI,CAAC,OAAO,CAAC,GAAG,CAAC,aAAa,CAAC,CAAC;IAClC,CAAC;IAGD,IAAI;QACF,MAAM,CAAC,EAAE,OAAO,EAAE,iCAAiC,EAAE,CAAC;IACxD,CAAC;CACF,CAAA;AAHC;IADC,GAAG,EAAE;;;;yCAGL;AATU,aAAa;IADzB,UAAU,EAAE;yDAGkB,MAAM,oBAAN,MAAM;GAFxB,aAAa,CAUzB;SAVY,aAAa","sourcesContent":["import { Get, Controller, ExceptionFilter } from '@nestjs/common';\nimport { Logger } from './common/services/index';\n\n@Controller()\nexport class AppController {\n\n  constructor(private _logger: Logger) {\n    this._logger.log('App Started');\n  }\n\n  @Get()\n  root(): any {\n    return { message: 'Hi, welcome to our amazing API!' };\n  }\n}\n"]},"_coverageSchema":"332fd63041d2c1bcb487cc26dd0d5f7d97098a6c","hash":"6221b505ec8b7598ca1083b11bc013d2865dc44e"}
,"/Users/mugi/Documents/workspace/_spikes/nestjs-example/src/common/services/error.service.ts": {"path":"/Users/mugi/Documents/workspace/_spikes/nestjs-example/src/common/services/error.service.ts","statementMap":{"0":{"start":{"line":1,"column":17},"end":{"line":6,"column":1}},"1":{"start":{"line":2,"column":12},"end":{"line":2,"column":28}},"2":{"start":{"line":2,"column":34},"end":{"line":2,"column":125}},"3":{"start":{"line":3,"column":4},"end":{"line":4,"column":150}},"4":{"start":{"line":3,"column":79},"end":{"line":3,"column":131}},"5":{"start":{"line":4,"column":9},"end":{"line":4,"column":150}},"6":{"start":{"line":4,"column":58},"end":{"line":4,"column":150}},"7":{"start":{"line":4,"column":81},"end":{"line":4,"column":150}},"8":{"start":{"line":5,"column":4},"end":{"line":5,"column":66}},"9":{"start":{"line":7,"column":17},"end":{"line":9,"column":1}},"10":{"start":{"line":8,"column":4},"end":{"line":8,"column":109}},"11":{"start":{"line":8,"column":79},"end":{"line":8,"column":109}},"12":{"start":{"line":10,"column":16},"end":{"line":17,"column":1}},"13":{"start":{"line":11,"column":4},"end":{"line":16,"column":7}},"14":{"start":{"line":12,"column":36},"end":{"line":12,"column":97}},"15":{"start":{"line":12,"column":42},"end":{"line":12,"column":70}},"16":{"start":{"line":12,"column":85},"end":{"line":12,"column":95}},"17":{"start":{"line":13,"column":35},"end":{"line":13,"column":100}},"18":{"start":{"line":13,"column":41},"end":{"line":13,"column":73}},"19":{"start":{"line":13,"column":88},"end":{"line":13,"column":98}},"20":{"start":{"line":14,"column":32},"end":{"line":14,"column":149}},"21":{"start":{"line":14,"column":97},"end":{"line":14,"column":119}},"22":{"start":{"line":15,"column":8},"end":{"line":15,"column":78}},"23":{"start":{"line":20,"column":19},"end":{"line":46,"column":1}},"24":{"start":{"line":22,"column":8},"end":{"line":22,"column":31}},"25":{"start":{"line":25,"column":8},"end":{"line":35,"column":11}},"26":{"start":{"line":26,"column":30},"end":{"line":29,"column":13}},"27":{"start":{"line":30,"column":12},"end":{"line":34,"column":15}},"28":{"start":{"line":38,"column":8},"end":{"line":38,"column":35}},"29":{"start":{"line":41,"column":8},"end":{"line":41,"column":65}},"30":{"start":{"line":44,"column":8},"end":{"line":44,"column":65}},"31":{"start":{"line":47,"column":0},"end":{"line":50,"column":17}}},"fnMap":{"0":{"name":"(anonymous_0)","decl":{"start":{"line":1,"column":46},"end":{"line":1,"column":47}},"loc":{"start":{"line":1,"column":87},"end":{"line":6,"column":1}},"line":1},"1":{"name":"(anonymous_1)","decl":{"start":{"line":7,"column":46},"end":{"line":7,"column":47}},"loc":{"start":{"line":7,"column":62},"end":{"line":9,"column":1}},"line":7},"2":{"name":"(anonymous_2)","decl":{"start":{"line":10,"column":44},"end":{"line":10,"column":45}},"loc":{"start":{"line":10,"column":89},"end":{"line":17,"column":1}},"line":10},"3":{"name":"(anonymous_3)","decl":{"start":{"line":11,"column":36},"end":{"line":11,"column":37}},"loc":{"start":{"line":11,"column":63},"end":{"line":16,"column":5}},"line":11},"4":{"name":"fulfilled","decl":{"start":{"line":12,"column":17},"end":{"line":12,"column":26}},"loc":{"start":{"line":12,"column":34},"end":{"line":12,"column":99}},"line":12},"5":{"name":"rejected","decl":{"start":{"line":13,"column":17},"end":{"line":13,"column":25}},"loc":{"start":{"line":13,"column":33},"end":{"line":13,"column":102}},"line":13},"6":{"name":"step","decl":{"start":{"line":14,"column":17},"end":{"line":14,"column":21}},"loc":{"start":{"line":14,"column":30},"end":{"line":14,"column":151}},"line":14},"7":{"name":"(anonymous_7)","decl":{"start":{"line":14,"column":76},"end":{"line":14,"column":77}},"loc":{"start":{"line":14,"column":95},"end":{"line":14,"column":121}},"line":14},"8":{"name":"(anonymous_8)","decl":{"start":{"line":21,"column":4},"end":{"line":21,"column":5}},"loc":{"start":{"line":21,"column":25},"end":{"line":23,"column":5}},"line":21},"9":{"name":"(anonymous_9)","decl":{"start":{"line":24,"column":4},"end":{"line":24,"column":5}},"loc":{"start":{"line":24,"column":23},"end":{"line":36,"column":5}},"line":24},"10":{"name":"(anonymous_10)","decl":{"start":{"line":25,"column":47},"end":{"line":25,"column":48}},"loc":{"start":{"line":25,"column":60},"end":{"line":35,"column":9}},"line":25},"11":{"name":"(anonymous_11)","decl":{"start":{"line":37,"column":4},"end":{"line":37,"column":5}},"loc":{"start":{"line":37,"column":26},"end":{"line":39,"column":5}},"line":37},"12":{"name":"(anonymous_12)","decl":{"start":{"line":40,"column":4},"end":{"line":40,"column":5}},"loc":{"start":{"line":40,"column":38},"end":{"line":42,"column":5}},"line":40},"13":{"name":"(anonymous_13)","decl":{"start":{"line":41,"column":47},"end":{"line":41,"column":48}},"loc":{"start":{"line":41,"column":60},"end":{"line":41,"column":63}},"line":41},"14":{"name":"(anonymous_14)","decl":{"start":{"line":43,"column":4},"end":{"line":43,"column":5}},"loc":{"start":{"line":43,"column":37},"end":{"line":45,"column":5}},"line":43},"15":{"name":"(anonymous_15)","decl":{"start":{"line":44,"column":47},"end":{"line":44,"column":48}},"loc":{"start":{"line":44,"column":60},"end":{"line":44,"column":63}},"line":44}},"branchMap":{"0":{"loc":{"start":{"line":1,"column":17},"end":{"line":6,"column":1}},"type":"binary-expr","locations":[{"start":{"line":1,"column":18},"end":{"line":1,"column":22}},{"start":{"line":1,"column":26},"end":{"line":1,"column":41}},{"start":{"line":1,"column":46},"end":{"line":6,"column":1}}],"line":1},"1":{"loc":{"start":{"line":2,"column":34},"end":{"line":2,"column":125}},"type":"cond-expr","locations":[{"start":{"line":2,"column":42},"end":{"line":2,"column":48}},{"start":{"line":2,"column":51},"end":{"line":2,"column":125}}],"line":2},"2":{"loc":{"start":{"line":2,"column":51},"end":{"line":2,"column":125}},"type":"cond-expr","locations":[{"start":{"line":2,"column":67},"end":{"line":2,"column":118}},{"start":{"line":2,"column":121},"end":{"line":2,"column":125}}],"line":2},"3":{"loc":{"start":{"line":3,"column":4},"end":{"line":4,"column":150}},"type":"if","locations":[{"start":{"line":3,"column":4},"end":{"line":4,"column":150}},{"start":{"line":3,"column":4},"end":{"line":4,"column":150}}],"line":3},"4":{"loc":{"start":{"line":3,"column":8},"end":{"line":3,"column":77}},"type":"binary-expr","locations":[{"start":{"line":3,"column":8},"end":{"line":3,"column":35}},{"start":{"line":3,"column":39},"end":{"line":3,"column":77}}],"line":3},"5":{"loc":{"start":{"line":4,"column":58},"end":{"line":4,"column":150}},"type":"if","locations":[{"start":{"line":4,"column":58},"end":{"line":4,"column":150}},{"start":{"line":4,"column":58},"end":{"line":4,"column":150}}],"line":4},"6":{"loc":{"start":{"line":4,"column":85},"end":{"line":4,"column":149}},"type":"binary-expr","locations":[{"start":{"line":4,"column":86},"end":{"line":4,"column":143}},{"start":{"line":4,"column":148},"end":{"line":4,"column":149}}],"line":4},"7":{"loc":{"start":{"line":4,"column":86},"end":{"line":4,"column":143}},"type":"cond-expr","locations":[{"start":{"line":4,"column":94},"end":{"line":4,"column":98}},{"start":{"line":4,"column":101},"end":{"line":4,"column":143}}],"line":4},"8":{"loc":{"start":{"line":4,"column":101},"end":{"line":4,"column":143}},"type":"cond-expr","locations":[{"start":{"line":4,"column":109},"end":{"line":4,"column":126}},{"start":{"line":4,"column":129},"end":{"line":4,"column":143}}],"line":4},"9":{"loc":{"start":{"line":5,"column":11},"end":{"line":5,"column":62}},"type":"binary-expr","locations":[{"start":{"line":5,"column":11},"end":{"line":5,"column":16}},{"start":{"line":5,"column":20},"end":{"line":5,"column":21}},{"start":{"line":5,"column":25},"end":{"line":5,"column":62}}],"line":5},"10":{"loc":{"start":{"line":7,"column":17},"end":{"line":9,"column":1}},"type":"binary-expr","locations":[{"start":{"line":7,"column":18},"end":{"line":7,"column":22}},{"start":{"line":7,"column":26},"end":{"line":7,"column":41}},{"start":{"line":7,"column":46},"end":{"line":9,"column":1}}],"line":7},"11":{"loc":{"start":{"line":8,"column":4},"end":{"line":8,"column":109}},"type":"if","locations":[{"start":{"line":8,"column":4},"end":{"line":8,"column":109}},{"start":{"line":8,"column":4},"end":{"line":8,"column":109}}],"line":8},"12":{"loc":{"start":{"line":8,"column":8},"end":{"line":8,"column":77}},"type":"binary-expr","locations":[{"start":{"line":8,"column":8},"end":{"line":8,"column":35}},{"start":{"line":8,"column":39},"end":{"line":8,"column":77}}],"line":8},"13":{"loc":{"start":{"line":10,"column":16},"end":{"line":17,"column":1}},"type":"binary-expr","locations":[{"start":{"line":10,"column":17},"end":{"line":10,"column":21}},{"start":{"line":10,"column":25},"end":{"line":10,"column":39}},{"start":{"line":10,"column":44},"end":{"line":17,"column":1}}],"line":10},"14":{"loc":{"start":{"line":11,"column":16},"end":{"line":11,"column":34}},"type":"binary-expr","locations":[{"start":{"line":11,"column":16},"end":{"line":11,"column":17}},{"start":{"line":11,"column":22},"end":{"line":11,"column":33}}],"line":11},"15":{"loc":{"start":{"line":14,"column":32},"end":{"line":14,"column":148}},"type":"cond-expr","locations":[{"start":{"line":14,"column":46},"end":{"line":14,"column":67}},{"start":{"line":14,"column":70},"end":{"line":14,"column":148}}],"line":14},"16":{"loc":{"start":{"line":15,"column":51},"end":{"line":15,"column":67}},"type":"binary-expr","locations":[{"start":{"line":15,"column":51},"end":{"line":15,"column":61}},{"start":{"line":15,"column":65},"end":{"line":15,"column":67}}],"line":15},"17":{"loc":{"start":{"line":49,"column":37},"end":{"line":49,"column":121}},"type":"binary-expr","locations":[{"start":{"line":49,"column":37},"end":{"line":49,"column":105}},{"start":{"line":49,"column":109},"end":{"line":49,"column":111}},{"start":{"line":49,"column":115},"end":{"line":49,"column":121}}],"line":49},"18":{"loc":{"start":{"line":49,"column":50},"end":{"line":49,"column":89}},"type":"binary-expr","locations":[{"start":{"line":49,"column":50},"end":{"line":49,"column":79}},{"start":{"line":49,"column":83},"end":{"line":49,"column":89}}],"line":49}},"s":{"0":1,"1":1,"2":1,"3":1,"4":1,"5":0,"6":0,"7":0,"8":1,"9":1,"10":1,"11":1,"12":1,"13":0,"14":0,"15":0,"16":0,"17":0,"18":0,"19":0,"20":0,"21":0,"22":0,"23":1,"24":0,"25":0,"26":0,"27":0,"28":0,"29":0,"30":0,"31":1},"f":{"0":1,"1":1,"2":0,"3":0,"4":0,"5":0,"6":0,"7":0,"8":0,"9":0,"10":0,"11":0,"12":0,"13":0,"14":0,"15":0},"b":{"0":[1,0,1],"1":[1,0],"2":[0,0],"3":[1,0],"4":[1,1],"5":[0,0],"6":[0,0],"7":[0,0],"8":[0,0],"9":[1,0,0],"10":[1,0,1],"11":[1,0],"12":[1,1],"13":[1,0,1],"14":[0,0],"15":[0,0],"16":[0,0],"17":[1,1,0],"18":[1,1]},"inputSourceMap":{"version":3,"file":"error.service.js","sourceRoot":"","sources":["error.service.ts"],"names":[],"mappings":";;;;;;;;;;;;;;;;;AAAA,OAAO,EAAE,UAAU,EAAE,MAAM,gBAAgB,CAAC;AAC5C,OAAO,EAAE,MAAM,EAAE,MAAM,kBAAkB,CAAA;AAGzC,IAAa,YAAY,GAAzB;IAEI,YAAoB,OAAe;QAAf,YAAO,GAAP,OAAO,CAAQ;IAAI,CAAC;IAElC,WAAW,CAAC,KAAK;;YAEnB,MAAM,SAAS,GAAG;gBACd,KAAK,EAAE,KAAK,CAAC,KAAK;gBAClB,IAAI,EAAE,KAAK,CAAC,IAAI;aACnB,CAAC;YAEF,MAAM,CAAC,OAAO,CAAC,GAAG,CAAC;gBACf,IAAI,CAAC,OAAO,CAAC,KAAK,CAAC,KAAK,CAAC,OAAO,EAAE,SAAS,CAAC;gBAC5C,IAAI,CAAC,0BAA0B,CAAC,KAAK,CAAC;gBACtC,IAAI,CAAC,yBAAyB,CAAC,KAAK,CAAC;aACxC,CAAC,CAAC;QACP,CAAC;KAAA;IAED,cAAc,CAAC,KAAK;QAChB,MAAM,CAAC,KAAK,CAAC,aAAa,CAAC;IAC/B,CAAC;IAEa,0BAA0B,CAAC,KAAK;8DAAI,CAAC;KAAA;IAErC,yBAAyB,CAAC,KAAK;8DAAI,CAAC;KAAA;CAErD,CAAA;AA1BY,YAAY;IADxB,UAAU,EAAE;yDAGoB,MAAM,oBAAN,MAAM;GAF1B,YAAY,CA0BxB;SA1BY,YAAY","sourcesContent":["import { Injectable } from '@nestjs/common';\nimport { Logger } from './logger.service'\n\n@Injectable()\nexport class ErrorHandler {\n\n    constructor(private _logger: Logger) { }\n\n    async handleError(error) {\n\n        const errorData = {\n            stack: error.stack,\n            data: error.data\n        };\n\n        return Promise.all([\n            this._logger.error(error.message, errorData),\n            this._sendMailToAdminIfCritical(error),\n            this._saveInOpsQueueIfCritical(error)\n        ]);\n    }\n\n    isTrustedError(error) {\n        return error.isOperational;\n    }\n\n    private async _sendMailToAdminIfCritical(error) { }\n\n    private async _saveInOpsQueueIfCritical(error) { }\n\n}"]},"_coverageSchema":"332fd63041d2c1bcb487cc26dd0d5f7d97098a6c","hash":"10e8de105099e95cd5b14287c27cdcb347b9469d"}
,"/Users/mugi/Documents/workspace/_spikes/nestjs-example/src/common/services/index.ts": {"path":"/Users/mugi/Documents/workspace/_spikes/nestjs-example/src/common/services/index.ts","statementMap":{},"fnMap":{},"branchMap":{},"s":{},"f":{},"b":{},"inputSourceMap":{"version":3,"file":"index.js","sourceRoot":"","sources":["index.ts"],"names":[],"mappings":"AAAA,cAAc,iBAAiB,CAAC;AAChC,cAAc,kBAAkB,CAAC","sourcesContent":["export * from './error.service';\nexport * from './logger.service';"]},"_coverageSchema":"332fd63041d2c1bcb487cc26dd0d5f7d97098a6c","hash":"4e1709ea1592c87466a3632535941d93d7d81bab"}
,"/Users/mugi/Documents/workspace/_spikes/nestjs-example/src/common/services/logger.service.ts": {"path":"/Users/mugi/Documents/workspace/_spikes/nestjs-example/src/common/services/logger.service.ts","statementMap":{"0":{"start":{"line":1,"column":17},"end":{"line":6,"column":1}},"1":{"start":{"line":2,"column":12},"end":{"line":2,"column":28}},"2":{"start":{"line":2,"column":34},"end":{"line":2,"column":125}},"3":{"start":{"line":3,"column":4},"end":{"line":4,"column":150}},"4":{"start":{"line":3,"column":79},"end":{"line":3,"column":131}},"5":{"start":{"line":4,"column":9},"end":{"line":4,"column":150}},"6":{"start":{"line":4,"column":58},"end":{"line":4,"column":150}},"7":{"start":{"line":4,"column":81},"end":{"line":4,"column":150}},"8":{"start":{"line":5,"column":4},"end":{"line":5,"column":66}},"9":{"start":{"line":7,"column":17},"end":{"line":9,"column":1}},"10":{"start":{"line":8,"column":4},"end":{"line":8,"column":109}},"11":{"start":{"line":8,"column":79},"end":{"line":8,"column":109}},"12":{"start":{"line":10,"column":16},"end":{"line":17,"column":1}},"13":{"start":{"line":11,"column":4},"end":{"line":16,"column":7}},"14":{"start":{"line":12,"column":36},"end":{"line":12,"column":97}},"15":{"start":{"line":12,"column":42},"end":{"line":12,"column":70}},"16":{"start":{"line":12,"column":85},"end":{"line":12,"column":95}},"17":{"start":{"line":13,"column":35},"end":{"line":13,"column":100}},"18":{"start":{"line":13,"column":41},"end":{"line":13,"column":73}},"19":{"start":{"line":13,"column":88},"end":{"line":13,"column":98}},"20":{"start":{"line":14,"column":32},"end":{"line":14,"column":149}},"21":{"start":{"line":14,"column":97},"end":{"line":14,"column":119}},"22":{"start":{"line":15,"column":8},"end":{"line":15,"column":78}},"23":{"start":{"line":20,"column":106},"end":{"line":20,"column":120}},"24":{"start":{"line":21,"column":13},"end":{"line":68,"column":1}},"25":{"start":{"line":23,"column":8},"end":{"line":30,"column":10}},"26":{"start":{"line":31,"column":8},"end":{"line":46,"column":11}},"27":{"start":{"line":47,"column":8},"end":{"line":51,"column":9}},"28":{"start":{"line":48,"column":12},"end":{"line":50,"column":16}},"29":{"start":{"line":54,"column":8},"end":{"line":56,"column":11}},"30":{"start":{"line":55,"column":12},"end":{"line":55,"column":46}},"31":{"start":{"line":59,"column":8},"end":{"line":61,"column":11}},"32":{"start":{"line":60,"column":12},"end":{"line":60,"column":47}},"33":{"start":{"line":64,"column":8},"end":{"line":66,"column":11}},"34":{"start":{"line":65,"column":12},"end":{"line":65,"column":39}},"35":{"start":{"line":69,"column":0},"end":{"line":72,"column":11}}},"fnMap":{"0":{"name":"(anonymous_0)","decl":{"start":{"line":1,"column":46},"end":{"line":1,"column":47}},"loc":{"start":{"line":1,"column":87},"end":{"line":6,"column":1}},"line":1},"1":{"name":"(anonymous_1)","decl":{"start":{"line":7,"column":46},"end":{"line":7,"column":47}},"loc":{"start":{"line":7,"column":62},"end":{"line":9,"column":1}},"line":7},"2":{"name":"(anonymous_2)","decl":{"start":{"line":10,"column":44},"end":{"line":10,"column":45}},"loc":{"start":{"line":10,"column":89},"end":{"line":17,"column":1}},"line":10},"3":{"name":"(anonymous_3)","decl":{"start":{"line":11,"column":36},"end":{"line":11,"column":37}},"loc":{"start":{"line":11,"column":63},"end":{"line":16,"column":5}},"line":11},"4":{"name":"fulfilled","decl":{"start":{"line":12,"column":17},"end":{"line":12,"column":26}},"loc":{"start":{"line":12,"column":34},"end":{"line":12,"column":99}},"line":12},"5":{"name":"rejected","decl":{"start":{"line":13,"column":17},"end":{"line":13,"column":25}},"loc":{"start":{"line":13,"column":33},"end":{"line":13,"column":102}},"line":13},"6":{"name":"step","decl":{"start":{"line":14,"column":17},"end":{"line":14,"column":21}},"loc":{"start":{"line":14,"column":30},"end":{"line":14,"column":151}},"line":14},"7":{"name":"(anonymous_7)","decl":{"start":{"line":14,"column":76},"end":{"line":14,"column":77}},"loc":{"start":{"line":14,"column":95},"end":{"line":14,"column":121}},"line":14},"8":{"name":"(anonymous_8)","decl":{"start":{"line":22,"column":4},"end":{"line":22,"column":5}},"loc":{"start":{"line":22,"column":18},"end":{"line":52,"column":5}},"line":22},"9":{"name":"(anonymous_9)","decl":{"start":{"line":53,"column":4},"end":{"line":53,"column":5}},"loc":{"start":{"line":53,"column":17},"end":{"line":57,"column":5}},"line":53},"10":{"name":"(anonymous_10)","decl":{"start":{"line":54,"column":47},"end":{"line":54,"column":48}},"loc":{"start":{"line":54,"column":60},"end":{"line":56,"column":9}},"line":54},"11":{"name":"(anonymous_11)","decl":{"start":{"line":58,"column":4},"end":{"line":58,"column":5}},"loc":{"start":{"line":58,"column":26},"end":{"line":62,"column":5}},"line":58},"12":{"name":"(anonymous_12)","decl":{"start":{"line":59,"column":47},"end":{"line":59,"column":48}},"loc":{"start":{"line":59,"column":60},"end":{"line":61,"column":9}},"line":59},"13":{"name":"(anonymous_13)","decl":{"start":{"line":63,"column":4},"end":{"line":63,"column":5}},"loc":{"start":{"line":63,"column":18},"end":{"line":67,"column":5}},"line":63},"14":{"name":"(anonymous_14)","decl":{"start":{"line":64,"column":47},"end":{"line":64,"column":48}},"loc":{"start":{"line":64,"column":60},"end":{"line":66,"column":9}},"line":64}},"branchMap":{"0":{"loc":{"start":{"line":1,"column":17},"end":{"line":6,"column":1}},"type":"binary-expr","locations":[{"start":{"line":1,"column":18},"end":{"line":1,"column":22}},{"start":{"line":1,"column":26},"end":{"line":1,"column":41}},{"start":{"line":1,"column":46},"end":{"line":6,"column":1}}],"line":1},"1":{"loc":{"start":{"line":2,"column":34},"end":{"line":2,"column":125}},"type":"cond-expr","locations":[{"start":{"line":2,"column":42},"end":{"line":2,"column":48}},{"start":{"line":2,"column":51},"end":{"line":2,"column":125}}],"line":2},"2":{"loc":{"start":{"line":2,"column":51},"end":{"line":2,"column":125}},"type":"cond-expr","locations":[{"start":{"line":2,"column":67},"end":{"line":2,"column":118}},{"start":{"line":2,"column":121},"end":{"line":2,"column":125}}],"line":2},"3":{"loc":{"start":{"line":3,"column":4},"end":{"line":4,"column":150}},"type":"if","locations":[{"start":{"line":3,"column":4},"end":{"line":4,"column":150}},{"start":{"line":3,"column":4},"end":{"line":4,"column":150}}],"line":3},"4":{"loc":{"start":{"line":3,"column":8},"end":{"line":3,"column":77}},"type":"binary-expr","locations":[{"start":{"line":3,"column":8},"end":{"line":3,"column":35}},{"start":{"line":3,"column":39},"end":{"line":3,"column":77}}],"line":3},"5":{"loc":{"start":{"line":4,"column":58},"end":{"line":4,"column":150}},"type":"if","locations":[{"start":{"line":4,"column":58},"end":{"line":4,"column":150}},{"start":{"line":4,"column":58},"end":{"line":4,"column":150}}],"line":4},"6":{"loc":{"start":{"line":4,"column":85},"end":{"line":4,"column":149}},"type":"binary-expr","locations":[{"start":{"line":4,"column":86},"end":{"line":4,"column":143}},{"start":{"line":4,"column":148},"end":{"line":4,"column":149}}],"line":4},"7":{"loc":{"start":{"line":4,"column":86},"end":{"line":4,"column":143}},"type":"cond-expr","locations":[{"start":{"line":4,"column":94},"end":{"line":4,"column":98}},{"start":{"line":4,"column":101},"end":{"line":4,"column":143}}],"line":4},"8":{"loc":{"start":{"line":4,"column":101},"end":{"line":4,"column":143}},"type":"cond-expr","locations":[{"start":{"line":4,"column":109},"end":{"line":4,"column":126}},{"start":{"line":4,"column":129},"end":{"line":4,"column":143}}],"line":4},"9":{"loc":{"start":{"line":5,"column":11},"end":{"line":5,"column":62}},"type":"binary-expr","locations":[{"start":{"line":5,"column":11},"end":{"line":5,"column":16}},{"start":{"line":5,"column":20},"end":{"line":5,"column":21}},{"start":{"line":5,"column":25},"end":{"line":5,"column":62}}],"line":5},"10":{"loc":{"start":{"line":7,"column":17},"end":{"line":9,"column":1}},"type":"binary-expr","locations":[{"start":{"line":7,"column":18},"end":{"line":7,"column":22}},{"start":{"line":7,"column":26},"end":{"line":7,"column":41}},{"start":{"line":7,"column":46},"end":{"line":9,"column":1}}],"line":7},"11":{"loc":{"start":{"line":8,"column":4},"end":{"line":8,"column":109}},"type":"if","locations":[{"start":{"line":8,"column":4},"end":{"line":8,"column":109}},{"start":{"line":8,"column":4},"end":{"line":8,"column":109}}],"line":8},"12":{"loc":{"start":{"line":8,"column":8},"end":{"line":8,"column":77}},"type":"binary-expr","locations":[{"start":{"line":8,"column":8},"end":{"line":8,"column":35}},{"start":{"line":8,"column":39},"end":{"line":8,"column":77}}],"line":8},"13":{"loc":{"start":{"line":10,"column":16},"end":{"line":17,"column":1}},"type":"binary-expr","locations":[{"start":{"line":10,"column":17},"end":{"line":10,"column":21}},{"start":{"line":10,"column":25},"end":{"line":10,"column":39}},{"start":{"line":10,"column":44},"end":{"line":17,"column":1}}],"line":10},"14":{"loc":{"start":{"line":11,"column":16},"end":{"line":11,"column":34}},"type":"binary-expr","locations":[{"start":{"line":11,"column":16},"end":{"line":11,"column":17}},{"start":{"line":11,"column":22},"end":{"line":11,"column":33}}],"line":11},"15":{"loc":{"start":{"line":14,"column":32},"end":{"line":14,"column":148}},"type":"cond-expr","locations":[{"start":{"line":14,"column":46},"end":{"line":14,"column":67}},{"start":{"line":14,"column":70},"end":{"line":14,"column":148}}],"line":14},"16":{"loc":{"start":{"line":15,"column":51},"end":{"line":15,"column":67}},"type":"binary-expr","locations":[{"start":{"line":15,"column":51},"end":{"line":15,"column":61}},{"start":{"line":15,"column":65},"end":{"line":15,"column":67}}],"line":15},"17":{"loc":{"start":{"line":47,"column":8},"end":{"line":51,"column":9}},"type":"if","locations":[{"start":{"line":47,"column":8},"end":{"line":51,"column":9}},{"start":{"line":47,"column":8},"end":{"line":51,"column":9}}],"line":47}},"s":{"0":1,"1":1,"2":1,"3":1,"4":1,"5":0,"6":0,"7":0,"8":1,"9":1,"10":1,"11":1,"12":1,"13":1,"14":0,"15":0,"16":0,"17":0,"18":0,"19":0,"20":1,"21":0,"22":1,"23":1,"24":1,"25":1,"26":1,"27":1,"28":1,"29":1,"30":1,"31":0,"32":0,"33":0,"34":0,"35":1},"f":{"0":1,"1":1,"2":1,"3":1,"4":0,"5":0,"6":1,"7":0,"8":1,"9":1,"10":1,"11":0,"12":0,"13":0,"14":0},"b":{"0":[1,0,1],"1":[1,0],"2":[0,0],"3":[1,0],"4":[1,1],"5":[0,0],"6":[0,0],"7":[0,0],"8":[0,0],"9":[1,0,0],"10":[1,0,1],"11":[1,0],"12":[1,1],"13":[1,0,1],"14":[1,1],"15":[1,0],"16":[1,1],"17":[1,0]},"inputSourceMap":{"version":3,"file":"logger.service.js","sourceRoot":"","sources":["logger.service.ts"],"names":[],"mappings":";;;;;;;;;;;;;;;;;AAAA,OAAO,EAAE,UAAU,EAAE,MAAM,gBAAgB,CAAC;AAE5C,OAAO,KAAK,OAAO,MAAM,SAAS,CAAC;AACnC,MAAM,EACF,OAAO,EAAE,SAAS,EAAE,MAAM,EAC1B,IAAI,EAAE,QAAQ,EAAE,gBAAgB,EAChC,+BAA+B,EAClC,GAAG,OAAO,CAAC,MAAM,CAAC;AAGnB,IAAa,MAAM,GAAnB;IAYI;QATQ,YAAO,GAAoC;YAC/C,KAAK,EAAE,KAAK;YACZ,IAAI,EAAE,QAAQ;YACd,IAAI,EAAE,OAAO;YACb,OAAO,EAAE,OAAO;YAChB,KAAK,EAAE,MAAM;YACb,KAAK,EAAE,MAAM;SAChB,CAAC;QAGE,IAAI,CAAC,OAAO,GAAG,IAAI,OAAO,CAAC,YAAY,CAAC;YACpC,KAAK,EAAE,MAAM;YACb,UAAU,EAAE;gBAKR,IAAI,OAAO,CAAC,UAAU,CAAC,IAAI,CAAC;oBACxB,IAAI,EAAE,WAAW;oBACjB,QAAQ,EAAE,gBAAgB;oBAC1B,KAAK,EAAE,OAAO;oBACd,MAAM,EAAE,OAAO,CAAC,SAAS,EAAE,EAAE,IAAI,EAAE,CAAC;iBACvC,CAAC;gBACF,IAAI,OAAO,CAAC,UAAU,CAAC,IAAI,CAAC;oBACxB,IAAI,EAAE,cAAc;oBACpB,QAAQ,EAAE,mBAAmB;oBAC7B,MAAM,EAAE,OAAO,CAAC,SAAS,EAAE,EAAE,IAAI,EAAE,CAAC;iBACvC,CAAC;aACL;SACJ,CAAC,CAAC;QAMH,EAAE,CAAC,CAAC,OAAO,CAAC,GAAG,CAAC,QAAQ,KAAK,YAAY,CAAC,CAAC,CAAC;YACxC,IAAI,CAAC,OAAO,CAAC,GAAG,CAAC,IAAI,OAAO,CAAC,UAAU,CAAC,OAAO,CAAC;gBAC5C,MAAM,EAAE,OAAO,CAAC,QAAQ,EAAE,EAAE,SAAS,EAAE,EAAE,MAAM,EAAE,CAAC;aACrD,CAAC,CAAC,CAAC;QACR,CAAC;IACL,CAAC;IAEK,GAAG,CAAC,OAAe;;YACrB,MAAM,CAAC,IAAI,CAAC,OAAO,CAAC,IAAI,CAAC,OAAO,CAAC,CAAC;QACtC,CAAC;KAAA;IACK,KAAK,CAAC,OAAe,EAAE,KAAU;;YACnC,IAAI,CAAC,OAAO,CAAC,KAAK,CAAC,OAAO,EAAE,KAAK,CAAC,CAAC;QACvC,CAAC;KAAA;IACK,IAAI,CAAC,OAAe;;YACtB,IAAI,CAAC,OAAO,CAAC,IAAI,CAAC,OAAO,CAAC,CAAC;QAC/B,CAAC;KAAA;CACJ,CAAA;AAtDY,MAAM;IADlB,UAAU,EAAE;;GACA,MAAM,CAsDlB;SAtDY,MAAM","sourcesContent":["import { Injectable } from '@nestjs/common';\nimport { LoggerService } from '@nestjs/common';\nimport * as winston from 'winston';\nconst { \n    combine, timestamp, simple,\n    json, colorize, handleExceptions,\n    humanReadableUnhandledException\n} = winston.format;\n\n@Injectable()\nexport class Logger implements LoggerService {\n\n    private _logger: winston.LoggerInstance;\n    private _colors: winston.AbstractConfigSetColors = {\n        error: 'red',\n        warn: 'yellow',\n        info: 'white',\n        verbose: 'green',\n        debug: 'blue',\n        silly: 'grey'\n    };\n\n    constructor() {\n        this._logger = new winston.createLogger({\n            level: 'info',\n            transports: [\n                //\n                // - Write to all logs with level `info` and below to `combined.log` \n                // - Write all logs error (and below) to `error.log`.\n                //\n                new winston.transports.File({\n                    name: 'ErrorFile',\n                    filename: 'logs/error.log',\n                    level: 'error',\n                    format: combine(timestamp(), json())\n                }),\n                new winston.transports.File({\n                    name: 'CombinedFile',\n                    filename: 'logs/combined.log',\n                    format: combine(timestamp(), json())\n                })\n            ]\n        });\n\n        //\n        // If we're not in production then log to the `console` with the format:\n        // `${info.level}: ${info.message} JSON.stringify({ ...rest }) `\n        // \n        if (process.env.NODE_ENV !== 'production') {\n            this._logger.add(new winston.transports.Console({\n                format: combine(colorize(), timestamp(), simple())\n            }));\n        }\n    }\n\n    async log(message: string) {\n        return this._logger.info(message);\n    }\n    async error(message: string, trace: any) {\n        this._logger.error(message, trace);\n    }\n    async warn(message: string) {\n        this._logger.warn(message);\n    }\n}\n"]},"_coverageSchema":"332fd63041d2c1bcb487cc26dd0d5f7d97098a6c","hash":"6a13ba99e935389503816b5740edb7066653819e"}
}
